#
# A fatal error has been detected by the Java Runtime Environment:
#
#  Internal Error (javaClasses.cpp:129), pid=2232, tid=12244
#  fatal error: Invalid layout of preloaded class
#
# JRE version: 7.0_11-b21
# Java VM: Java HotSpot(TM) 64-Bit Server VM (23.6-b04 mixed mode windows-amd64 compressed oops)
# Failed to write core dump. Minidumps are not enabled by default on client versions of Windows
#
# If you would like to submit a bug report, please visit:
#   http://bugreport.sun.com/bugreport/crash.jsp
#

---------------  T H R E A D  ---------------

Current thread (0x0000000001e9f800):  JavaThread "Unknown thread" [_thread_in_vm, id=12244, stack(0x0000000002000000,0x0000000002100000)]

Stack: [0x0000000002000000,0x0000000002100000]

---------------  P R O C E S S  ---------------

Java Threads: ( => current thread )

Other Threads:

=>0x0000000001e9f800 (exited) JavaThread "Unknown thread" [_thread_in_vm, id=12244, stack(0x0000000002000000,0x0000000002100000)]

VM state:not at safepoint (not fully initialized)

VM Mutex/Monitor currently owned by a thread: None

GC Heap History (0 events):
No events

Deoptimization events (0 events):
No events

Internal exceptions (0 events):
No events

Events (10 events):
Event: 0.341 loading class 0x0000000001d21640 done
Event: 0.341 loading class 0x0000000001ce3a70 done
Event: 0.341 loading class 0x0000000001ce3a40
Event: 0.341 loading class 0x0000000001d2a360
Event: 0.341 loading class 0x0000000001d2a360 done
Event: 0.341 loading class 0x0000000001d2a3a0
Event: 0.341 loading class 0x0000000001d2a3a0 done
Event: 0.341 loading class 0x000000000b0102f0
Event: 0.341 loading class 0x000000000b0102f0 done
Event: 0.341 loading class 0x0000000001ce3a40 done


Dynamic libraries:
0x000000013f600000 - 0x000000013f633000 	C:\Program Files\Java\jre7\bin\javaw.exe
0x00000000770b0000 - 0x0000000077259000 	C:\Windows\SYSTEM32\ntdll.dll
0x0000000076e90000 - 0x0000000076faf000 	C:\Windows\system32\kernel32.dll
0x000007fefd140000 - 0x000007fefd1ab000 	C:\Windows\system32\KERNELBASE.dll
0x000007fefd510000 - 0x000007fefd5eb000 	C:\Windows\system32\ADVAPI32.dll
0x000007fefd990000 - 0x000007fefda2f000 	C:\Windows\system32\msvcrt.dll
0x000007fefe7e0000 - 0x000007fefe7ff000 	C:\Windows\SYSTEM32\sechost.dll
0x000007fefe800000 - 0x000007fefe92d000 	C:\Windows\system32\RPCRT4.dll
0x0000000076fb0000 - 0x00000000770aa000 	C:\Windows\system32\USER32.dll
0x000007fefd390000 - 0x000007fefd3f7000 	C:\Windows\system32\GDI32.dll
0x000007fefebb0000 - 0x000007fefebbe000 	C:\Windows\system32\LPK.dll
0x000007feff210000 - 0x000007feff2d9000 	C:\Windows\system32\USP10.dll
0x000007fefb850000 - 0x000007fefba44000 	C:\Windows\WinSxS\amd64_microsoft.windows.common-controls_6595b64144ccf1df_6.0.7601.17514_none_fa396087175ac9ac\COMCTL32.dll
0x000007fefef00000 - 0x000007fefef71000 	C:\Windows\system32\SHLWAPI.dll
0x000007fefd750000 - 0x000007fefd77e000 	C:\Windows\system32\IMM32.DLL
0x000007fefd400000 - 0x000007fefd509000 	C:\Windows\system32\MSCTF.dll
0x000000006c1d0000 - 0x000000006c2a1000 	C:\Program Files\Java\jre7\bin\msvcr100.dll
0x0000000069c60000 - 0x000000006a37f000 	C:\Program Files\Java\jre7\bin\server\jvm.dll
0x000007fef8e40000 - 0x000007fef8e49000 	C:\Windows\system32\WSOCK32.dll
0x000007fefd2c0000 - 0x000007fefd30d000 	C:\Windows\system32\WS2_32.dll
0x000007fefecc0000 - 0x000007fefecc8000 	C:\Windows\system32\NSI.dll
0x000007fefa7c0000 - 0x000007fefa7fb000 	C:\Windows\system32\WINMM.dll
0x0000000077280000 - 0x0000000077287000 	C:\Windows\system32\PSAPI.DLL
0x0000000074830000 - 0x000000007483f000 	C:\Program Files\Java\jre7\bin\verify.dll
0x0000000074730000 - 0x0000000074758000 	C:\Program Files\Java\jre7\bin\java.dll
0x000000006ff60000 - 0x000000006ff95000 	C:\Program Files\Java\jre7\bin\jdwp.dll
0x00000000746f0000 - 0x00000000746f8000 	C:\Program Files\Java\jre7\bin\npt.dll
0x00000000747e0000 - 0x00000000747f5000 	C:\Program Files\Java\jre7\bin\zip.dll

VM Arguments:
jvm_args: -agentlib:jdwp=transport=dt_socket,suspend=y,address=localhost:53714 -Dfile.encoding=Cp1252 -Xbootclasspath:C:\Users\Tivoli\Programming\adt-bundle-windows-x86_64\sdk\platforms\android-17\android.jar 
java_command: edu.wctc.rdunckel.rotten.RottenListConnector
Launcher Type: SUN_STANDARD

Environment Variables:
JAVA_HOME=C:\Program Files (x86)\Java\jdk1.7.0_11
PATH=C:/Program Files/Java/jre7/bin/server;C:/Program Files/Java/jre7/bin;C:/Program Files/Java/jre7/lib/amd64;C:\Program Files (x86)\Windows Resource Kits\Tools\;C:\Windows;C:\Windows\System32;C:\Windows\System32\Wbem;C:\Windows\System32\WindowsPowerShell\v1.0;C:\apache-ant-1.8.4\bin;C:\Users\Tivoli\apache-tomcat-7.0.23;C:\cheetah\Cheetah-2.4.4;4.94066E-324IT_HOME\bin;C:\Grails\bin;C:\Program Files (x86)\Graphviz 2.28\bin;JACOBE_HOME;C:\Program Files (x86)\Java\jdk1.7.0_11\bin;C:\jboss\jboss-as-7.1.1.Final\bin;C:\apache-maven-3.0.4\bin;PERL_HOME\bin;PERL_HOME\site\bin;C:\play;C:\python\Python27;C:\jboss\teiid;C:\Program Files (x86)\Common Files\Microsoft Shared\Windows Live;C:\Program Files (x86)\Common Files\Roxio Shared\10.0\DLLShared;C:\Program Files (x86)\Common Files\Roxio Shared\DLLShared;C:\Program Files (x86)\QuickTime\QTSystem;C:\Program Files\Common Files\Intel\WirelessCommon;C:\Program Files\Common Files\Microsoft Shared\Windows Live;C:\Program Files\Intel\WiFi\bin;C:\Program Files\WIDCOMM\Bluetooth Software;C:\Program Files\WIDCOMM\Bluetooth Software\syswow64;C:\strawberry\c\bin;C:\Program Files (x86)\Heroku\bin;C:\Program Files (x86)\ruby-1.9.2\bin;C:\Program Files (x86)\git\bin;C:\Program Files (x86)\git\cmd;C:\Program Files (x86)\Git\cmd;C:\Program Files (x86)\QuickTime\QTSystem\;C:\Program Files (x86)\sbt\;C:\Program Files (x86)\giter8\;C:\Program Files (x86)\scala\\bin;C:\Users\Tivoli\forge\forge-distribution-1.2.1.Final\bin;C:\Program Files\TortoiseSVN\bin;C:\Program Files (x86)\WinMerge;C:\Users\Tivoli\Programming\adt-bundle-windows-x86_64\eclipse;
USERNAME=Tivoli
OS=Windows_NT
PROCESSOR_IDENTIFIER=Intel64 Family 6 Model 37 Stepping 2, GenuineIntel



---------------  S Y S T E M  ---------------

OS: Windows 7 , 64 bit Build 7601 Service Pack 1

CPU:total 4 (2 cores per cpu, 2 threads per core) family 6 model 37 stepping 2, cmov, cx8, fxsr, mmx, sse, sse2, sse3, ssse3, sse4.1, sse4.2, popcnt, ht, tsc, tscinvbit

Memory: 4k page, physical 8042596k(2641120k free), swap 16083332k(10390948k free)

vm_info: Java HotSpot(TM) 64-Bit Server VM (23.6-b04) for windows-amd64 JRE (1.7.0_11-b21), built on Jan 12 2013 02:38:42 by "java_re" with unknown MS VC++:1600

time: Mon May 13 22:20:11 2013
elapsed time: 0 seconds

